This is LuaHBTeX, Version 1.17.0 (TeX Live 2023/Debian)  (format=lualatex 2026.6.2)  20 JUN 2026 13:24
 system commands enabled.
**main.tex
(./main.tex
LaTeX2e <2023-11-01> patch level 1
L3 programming layer <2024-01-22>
Lua module: luaotfload 2023-08-31 3.26 Lua based OpenType font support
Lua module: lualibs 2023-07-13 2.76 ConTeXt Lua standard libraries.
Lua module: lualibs-extended 2023-07-13 2.76 ConTeXt Lua libraries -- extended c
ollection.
luaotfload | conf : Root cache directory is "/home/dan/.texlive2023/texmf-var/lu
atex-cache/generic/names".
luaotfload | init : Loading fontloader "fontloader-2023-08-19.lua" from kpse-res
olved path "/usr/share/texlive/texmf-dist/tex/luatex/luaotfload/fontloader-2023-
08-19.lua".
Lua-only attribute luaotfload@noligature = 1
luaotfload | init : Context OpenType loader version 3.133
Inserting `luaotfload.node_processor' in `pre_linebreak_filter'.
Inserting `luaotfload.node_processor' in `hpack_filter'.
Inserting `luaotfload.glyph_stream' in `glyph_stream_provider'.
Inserting `luaotfload.define_font' in `define_font'.
Lua-only attribute luaotfload_color_attribute = 2
luaotfload | conf : Root cache directory is "/home/dan/.texlive2023/texmf-var/lu
atex-cache/generic/names".
Inserting `luaotfload.harf.strip_prefix' in `find_opentype_file'.
Inserting `luaotfload.harf.strip_prefix' in `find_truetype_file'.
Removing  `luaotfload.glyph_stream' from `glyph_stream_provider'.
Inserting `luaotfload.harf.glyphstream' in `glyph_stream_provider'.
Inserting `luaotfload.harf.finalize_vlist' in `post_linebreak_filter'.
Inserting `luaotfload.harf.finalize_hlist' in `hpack_filter'.
Inserting `luaotfload.cleanup_files' in `wrapup_run'.
Inserting `luaotfload.harf.finalize_unicode' in `finish_pdffile'.
Inserting `luaotfload.glyphinfo' in `glyph_info'.
Lua-only attribute luaotfload.letterspace_done = 3
Inserting `luaotfload.aux.set_sscale_dimens' in `luaotfload.patch_font'.
Inserting `luaotfload.aux.set_font_index' in `luaotfload.patch_font'.
Inserting `luaotfload.aux.patch_cambria_domh' in `luaotfload.patch_font'.
Inserting `luaotfload.aux.fixup_fontdata' in `luaotfload.patch_font_unsafe'.
Inserting `luaotfload.aux.set_capheight' in `luaotfload.patch_font'.
Inserting `luaotfload.aux.set_xheight' in `luaotfload.patch_font'.
Inserting `luaotfload.rewrite_fontname' in `luaotfload.patch_font'.
Inserting `tracingstacklevels' in `input_level_string'. (/usr/share/texlive/tex
mf-dist/tex/latex/base/book.cls
Document Class: book 2023/05/17 v1.4n Standard LaTeX document class
(/usr/share/texlive/texmf-dist/tex/latex/base/bk12.clo
File: bk12.clo 2023/05/17 v1.4n Standard LaTeX file (size option)
luaotfload | db : Font names database loaded from /home/dan/.texlive2023/texmf-v
ar/luatex-cache/generic/names/luaotfload-names.luc.gz)
\c@part=\count185
\c@chapter=\count186
\c@section=\count187
\c@subsection=\count188
\c@subsubsection=\count189
\c@paragraph=\count190
\c@subparagraph=\count191
\c@figure=\count192
\c@table=\count193
\abovecaptionskip=\skip48
\belowcaptionskip=\skip49
\bibindent=\dimen139
)
(/usr/share/texlive/texmf-dist/tex/latex/graphics/graphicx.sty
Package: graphicx 2021/09/16 v1.2d Enhanced LaTeX Graphics (DPC,SPQR)

(/usr/share/texlive/texmf-dist/tex/latex/graphics/keyval.sty
Package: keyval 2022/05/29 v1.15 key=value parser (DPC)
\KV@toks@=\toks17
)
(/usr/share/texlive/texmf-dist/tex/latex/graphics/graphics.sty
Package: graphics 2022/03/10 v1.4e Standard LaTeX Graphics (DPC,SPQR)

(/usr/share/texlive/texmf-dist/tex/latex/graphics/trig.sty
Package: trig 2021/08/11 v1.11 sin cos tan (DPC)
)
(/usr/share/texlive/texmf-dist/tex/latex/graphics-cfg/graphics.cfg
File: graphics.cfg 2016/06/04 v1.11 sample graphics configuration
)
Package graphics Info: Driver file: luatex.def on input line 107.

(/usr/share/texlive/texmf-dist/tex/latex/graphics-def/luatex.def
File: luatex.def 2022/09/22 v1.2d Graphics/color driver for luatex
))
\Gin@req@height=\dimen140
\Gin@req@width=\dimen141
)
(/usr/share/texlive/texmf-dist/tex/latex/booktabs/booktabs.sty
Package: booktabs 2020/01/12 v1.61803398 Publication quality tables
\heavyrulewidth=\dimen142
\lightrulewidth=\dimen143
\cmidrulewidth=\dimen144
\belowrulesep=\dimen145
\belowbottomsep=\dimen146
\aboverulesep=\dimen147
\abovetopsep=\dimen148
\cmidrulesep=\dimen149
\cmidrulekern=\dimen150
\defaultaddspace=\dimen151
\@cmidla=\count194
\@cmidlb=\count195
\@aboverulesep=\dimen152
\@belowrulesep=\dimen153
\@thisruleclass=\count196
\@lastruleclass=\count197
\@thisrulewidth=\dimen154
)
(/usr/share/texlive/texmf-dist/tex/latex/fontspec/fontspec.sty
(/usr/share/texlive/texmf-dist/tex/latex/l3packages/xparse/xparse.sty
(/usr/share/texlive/texmf-dist/tex/latex/l3kernel/expl3.sty
Package: expl3 2024-01-22 L3 programming layer (loader) 

(/usr/share/texlive/texmf-dist/tex/latex/l3backend/l3backend-luatex.def
File: l3backend-luatex.def 2024-01-04 L3 backend support: PDF output (LuaTeX)
\l__color_backend_stack_int=\count198
Inserting `l3color' in `luaotfload.parse_color'.
\l__pdf_internal_box=\box51
))
Package: xparse 2023-10-10 L3 Experimental document command parser
)
Package: fontspec 2022/01/15 v2.8a Font selection for XeLaTeX and LuaLaTeX
Lua module: fontspec 2022/01/15 2.8a Font selection for XeLaTeX and LuaLaTeX
(/usr/share/texlive/texmf-dist/tex/latex/fontspec/fontspec-luatex.sty
Package: fontspec-luatex 2022/01/15 v2.8a Font selection for XeLaTeX and LuaLaT
eX
\l__fontspec_script_int=\count199
\l__fontspec_language_int=\count266
\l__fontspec_strnum_int=\count267
\l__fontspec_tmp_int=\count268
\l__fontspec_tmpa_int=\count269
\l__fontspec_tmpb_int=\count270
\l__fontspec_tmpc_int=\count271
\l__fontspec_em_int=\count272
\l__fontspec_emdef_int=\count273
\l__fontspec_strong_int=\count274
\l__fontspec_strongdef_int=\count275
\l__fontspec_tmpa_dim=\dimen155
\l__fontspec_tmpb_dim=\dimen156
\l__fontspec_tmpc_dim=\dimen157

(/usr/share/texlive/texmf-dist/tex/latex/base/fontenc.sty
Package: fontenc 2021/04/29 v2.0v Standard LaTeX package
)
(/usr/share/texlive/texmf-dist/tex/latex/fontspec/fontspec.cfg)))
(/usr/share/texlive/texmf-dist/tex/latex/lilyglyphs/lilyglyphs.sty
Package: lilyglyphs 

(/usr/share/texlive/texmf-dist/tex/latex/pgf/basiclayer/pgf.sty
(/usr/share/texlive/texmf-dist/tex/latex/pgf/utilities/pgfrcs.sty
(/usr/share/texlive/texmf-dist/tex/generic/pgf/utilities/pgfutil-common.tex
\pgfutil@everybye=\toks18
\pgfutil@tempdima=\dimen158
\pgfutil@tempdimb=\dimen159
)
(/usr/share/texlive/texmf-dist/tex/generic/pgf/utilities/pgfutil-latex.def
\pgfutil@abb=\box52
)
(/usr/share/texlive/texmf-dist/tex/generic/pgf/utilities/pgfrcs.code.tex
(/usr/share/texlive/texmf-dist/tex/generic/pgf/pgf.revision.tex)
Package: pgfrcs 2023-01-15 v3.1.10 (3.1.10)
))
Package: pgf 2023-01-15 v3.1.10 (3.1.10)

(/usr/share/texlive/texmf-dist/tex/latex/pgf/basiclayer/pgfcore.sty
(/usr/share/texlive/texmf-dist/tex/latex/pgf/systemlayer/pgfsys.sty
(/usr/share/texlive/texmf-dist/tex/generic/pgf/systemlayer/pgfsys.code.tex
Package: pgfsys 2023-01-15 v3.1.10 (3.1.10)

(/usr/share/texlive/texmf-dist/tex/generic/pgf/utilities/pgfkeys.code.tex
\pgfkeys@pathtoks=\toks19
\pgfkeys@temptoks=\toks20

(/usr/share/texlive/texmf-dist/tex/generic/pgf/utilities/pgfkeyslibraryfiltered
.code.tex
\pgfkeys@tmptoks=\toks21
))
\pgf@x=\dimen160
\pgf@y=\dimen161
\pgf@xa=\dimen162
\pgf@ya=\dimen163
\pgf@xb=\dimen164
\pgf@yb=\dimen165
\pgf@xc=\dimen166
\pgf@yc=\dimen167
\pgf@xd=\dimen168
\pgf@yd=\dimen169
\w@pgf@writea=\write3
\r@pgf@reada=\read2
\c@pgf@counta=\count276
\c@pgf@countb=\count277
\c@pgf@countc=\count278
\c@pgf@countd=\count279
\t@pgf@toka=\toks22
\t@pgf@tokb=\toks23
\t@pgf@tokc=\toks24
\pgf@sys@id@count=\count280
 (/usr/share/texlive/texmf-dist/tex/generic/pgf/systemlayer/pgf.cfg
File: pgf.cfg 2023-01-15 v3.1.10 (3.1.10)
)
Driver file for pgf: pgfsys-luatex.def
(/usr/share/texlive/texmf-dist/tex/generic/pgf/systemlayer/pgfsys-luatex.def
File: pgfsys-luatex.def 2023-01-15 v3.1.10 (3.1.10)

(/usr/share/texlive/texmf-dist/tex/generic/pgf/systemlayer/pgfsys-common-pdf.de
f
File: pgfsys-common-pdf.def 2023-01-15 v3.1.10 (3.1.10)
)))
(/usr/share/texlive/texmf-dist/tex/generic/pgf/systemlayer/pgfsyssoftpath.code.
tex
File: pgfsyssoftpath.code.tex 2023-01-15 v3.1.10 (3.1.10)
\pgfsyssoftpath@smallbuffer@items=\count281
\pgfsyssoftpath@bigbuffer@items=\count282
)
(/usr/share/texlive/texmf-dist/tex/generic/pgf/systemlayer/pgfsysprotocol.code.
tex
File: pgfsysprotocol.code.tex 2023-01-15 v3.1.10 (3.1.10)
)) (/usr/share/texlive/texmf-dist/tex/latex/xcolor/xcolor.sty
Package: xcolor 2023/11/15 v3.01 LaTeX color extensions (UK)

(/usr/share/texlive/texmf-dist/tex/latex/graphics-cfg/color.cfg
File: color.cfg 2016/01/02 v1.6 sample color configuration
)
Package xcolor Info: Driver file: luatex.def on input line 274.

(/usr/share/texlive/texmf-dist/tex/latex/graphics/mathcolor.ltx)
Package xcolor Info: Model `cmy' substituted by `cmy0' on input line 1350.
Package xcolor Info: Model `hsb' substituted by `rgb' on input line 1354.
Package xcolor Info: Model `RGB' extended on input line 1366.
Package xcolor Info: Model `HTML' substituted by `rgb' on input line 1368.
Package xcolor Info: Model `Hsb' substituted by `hsb' on input line 1369.
Package xcolor Info: Model `tHsb' substituted by `hsb' on input line 1370.
Package xcolor Info: Model `HSB' substituted by `hsb' on input line 1371.
Package xcolor Info: Model `Gray' substituted by `gray' on input line 1372.
Package xcolor Info: Model `wave' substituted by `hsb' on input line 1373.
)
(/usr/share/texlive/texmf-dist/tex/generic/pgf/basiclayer/pgfcore.code.tex
Package: pgfcore 2023-01-15 v3.1.10 (3.1.10)

(/usr/share/texlive/texmf-dist/tex/generic/pgf/math/pgfmath.code.tex
(/usr/share/texlive/texmf-dist/tex/generic/pgf/math/pgfmathutil.code.tex)
(/usr/share/texlive/texmf-dist/tex/generic/pgf/math/pgfmathparser.code.tex
\pgfmath@dimen=\dimen170
\pgfmath@count=\count283
\pgfmath@box=\box53
\pgfmath@toks=\toks25
\pgfmath@stack@operand=\toks26
\pgfmath@stack@operation=\toks27
)
(/usr/share/texlive/texmf-dist/tex/generic/pgf/math/pgfmathfunctions.code.tex)
(/usr/share/texlive/texmf-dist/tex/generic/pgf/math/pgfmathfunctions.basic.code
.tex)
(/usr/share/texlive/texmf-dist/tex/generic/pgf/math/pgfmathfunctions.trigonomet
ric.code.tex)
(/usr/share/texlive/texmf-dist/tex/generic/pgf/math/pgfmathfunctions.random.cod
e.tex)
(/usr/share/texlive/texmf-dist/tex/generic/pgf/math/pgfmathfunctions.comparison
.code.tex)
(/usr/share/texlive/texmf-dist/tex/generic/pgf/math/pgfmathfunctions.base.code.
tex)
(/usr/share/texlive/texmf-dist/tex/generic/pgf/math/pgfmathfunctions.round.code
.tex)
(/usr/share/texlive/texmf-dist/tex/generic/pgf/math/pgfmathfunctions.misc.code.
tex)
(/usr/share/texlive/texmf-dist/tex/generic/pgf/math/pgfmathfunctions.integerari
thmetics.code.tex)
(/usr/share/texlive/texmf-dist/tex/generic/pgf/math/pgfmathcalc.code.tex)
(/usr/share/texlive/texmf-dist/tex/generic/pgf/math/pgfmathfloat.code.tex
\c@pgfmathroundto@lastzeros=\count284
))
(/usr/share/texlive/texmf-dist/tex/generic/pgf/math/pgfint.code.tex)
(/usr/share/texlive/texmf-dist/tex/generic/pgf/basiclayer/pgfcorepoints.code.te
x
File: pgfcorepoints.code.tex 2023-01-15 v3.1.10 (3.1.10)
\pgf@picminx=\dimen171
\pgf@picmaxx=\dimen172
\pgf@picminy=\dimen173
\pgf@picmaxy=\dimen174
\pgf@pathminx=\dimen175
\pgf@pathmaxx=\dimen176
\pgf@pathminy=\dimen177
\pgf@pathmaxy=\dimen178
\pgf@xx=\dimen179
\pgf@xy=\dimen180
\pgf@yx=\dimen181
\pgf@yy=\dimen182
\pgf@zx=\dimen183
\pgf@zy=\dimen184
)
(/usr/share/texlive/texmf-dist/tex/generic/pgf/basiclayer/pgfcorepathconstruct.
code.tex
File: pgfcorepathconstruct.code.tex 2023-01-15 v3.1.10 (3.1.10)
\pgf@path@lastx=\dimen185
\pgf@path@lasty=\dimen186
)
(/usr/share/texlive/texmf-dist/tex/generic/pgf/basiclayer/pgfcorepathusage.code
.tex
File: pgfcorepathusage.code.tex 2023-01-15 v3.1.10 (3.1.10)
\pgf@shorten@end@additional=\dimen187
\pgf@shorten@start@additional=\dimen188
)
(/usr/share/texlive/texmf-dist/tex/generic/pgf/basiclayer/pgfcorescopes.code.te
x
File: pgfcorescopes.code.tex 2023-01-15 v3.1.10 (3.1.10)
\pgfpic=\box54
\pgf@hbox=\box55
\pgf@layerbox@main=\box56
\pgf@picture@serial@count=\count285
)
(/usr/share/texlive/texmf-dist/tex/generic/pgf/basiclayer/pgfcoregraphicstate.c
ode.tex
File: pgfcoregraphicstate.code.tex 2023-01-15 v3.1.10 (3.1.10)
\pgflinewidth=\dimen189
)
(/usr/share/texlive/texmf-dist/tex/generic/pgf/basiclayer/pgfcoretransformation
s.code.tex
File: pgfcoretransformations.code.tex 2023-01-15 v3.1.10 (3.1.10)
\pgf@pt@x=\dimen190
\pgf@pt@y=\dimen191
\pgf@pt@temp=\dimen192
)
(/usr/share/texlive/texmf-dist/tex/generic/pgf/basiclayer/pgfcorequick.code.tex
File: pgfcorequick.code.tex 2023-01-15 v3.1.10 (3.1.10)
)
(/usr/share/texlive/texmf-dist/tex/generic/pgf/basiclayer/pgfcoreobjects.code.t
ex
File: pgfcoreobjects.code.tex 2023-01-15 v3.1.10 (3.1.10)
)
(/usr/share/texlive/texmf-dist/tex/generic/pgf/basiclayer/pgfcorepathprocessing
.code.tex
File: pgfcorepathprocessing.code.tex 2023-01-15 v3.1.10 (3.1.10)
)
(/usr/share/texlive/texmf-dist/tex/generic/pgf/basiclayer/pgfcorearrows.code.te
x
File: pgfcorearrows.code.tex 2023-01-15 v3.1.10 (3.1.10)
\pgfarrowsep=\dimen193
)
(/usr/share/texlive/texmf-dist/tex/generic/pgf/basiclayer/pgfcoreshade.code.tex
File: pgfcoreshade.code.tex 2023-01-15 v3.1.10 (3.1.10)
\pgf@max=\dimen194
\pgf@sys@shading@range@num=\count286
\pgf@shadingcount=\count287
)
(/usr/share/texlive/texmf-dist/tex/generic/pgf/basiclayer/pgfcoreimage.code.tex
File: pgfcoreimage.code.tex 2023-01-15 v3.1.10 (3.1.10)
)
(/usr/share/texlive/texmf-dist/tex/generic/pgf/basiclayer/pgfcoreexternal.code.
tex
File: pgfcoreexternal.code.tex 2023-01-15 v3.1.10 (3.1.10)
\pgfexternal@startupbox=\box57
)
(/usr/share/texlive/texmf-dist/tex/generic/pgf/basiclayer/pgfcorelayers.code.te
x
File: pgfcorelayers.code.tex 2023-01-15 v3.1.10 (3.1.10)
)
(/usr/share/texlive/texmf-dist/tex/generic/pgf/basiclayer/pgfcoretransparency.c
ode.tex
File: pgfcoretransparency.code.tex 2023-01-15 v3.1.10 (3.1.10)
)
(/usr/share/texlive/texmf-dist/tex/generic/pgf/basiclayer/pgfcorepatterns.code.
tex
File: pgfcorepatterns.code.tex 2023-01-15 v3.1.10 (3.1.10)
)
(/usr/share/texlive/texmf-dist/tex/generic/pgf/basiclayer/pgfcorerdf.code.tex
File: pgfcorerdf.code.tex 2023-01-15 v3.1.10 (3.1.10)
)))
(/usr/share/texlive/texmf-dist/tex/generic/pgf/modules/pgfmoduleshapes.code.tex
File: pgfmoduleshapes.code.tex 2023-01-15 v3.1.10 (3.1.10)
\pgfnodeparttextbox=\box58
) (/usr/share/texlive/texmf-dist/tex/generic/pgf/modules/pgfmoduleplot.code.tex
File: pgfmoduleplot.code.tex 2023-01-15 v3.1.10 (3.1.10)
)
(/usr/share/texlive/texmf-dist/tex/latex/pgf/compatibility/pgfcomp-version-0-65
.sty
Package: pgfcomp-version-0-65 2023-01-15 v3.1.10 (3.1.10)
\pgf@nodesepstart=\dimen195
\pgf@nodesepend=\dimen196
)
(/usr/share/texlive/texmf-dist/tex/latex/pgf/compatibility/pgfcomp-version-1-18
.sty
Package: pgfcomp-version-1-18 2023-01-15 v3.1.10 (3.1.10)
)) (/usr/share/texlive/texmf-dist/tex/latex/adjustbox/adjustbox.sty
Package: adjustbox 2022/10/17 v1.3a Adjusting TeX boxes (trim, clip, ...)

(/usr/share/texlive/texmf-dist/tex/latex/xkeyval/xkeyval.sty
Package: xkeyval 2022/06/16 v2.9 package option processing (HA)

(/usr/share/texlive/texmf-dist/tex/generic/xkeyval/xkeyval.tex
(/usr/share/texlive/texmf-dist/tex/generic/xkeyval/xkvutils.tex
\XKV@toks=\toks28
\XKV@tempa@toks=\toks29
)
\XKV@depth=\count288
File: xkeyval.tex 2014/12/03 v2.7a key=value parser (HA)
))
(/usr/share/texlive/texmf-dist/tex/latex/adjustbox/adjcalc.sty
Package: adjcalc 2012/05/16 v1.1 Provides advanced setlength with multiple back
-ends (calc, etex, pgfmath)
)
(/usr/share/texlive/texmf-dist/tex/latex/adjustbox/trimclip.sty
Package: trimclip 2020/08/19 v1.2 Trim and clip general TeX material

(/usr/share/texlive/texmf-dist/tex/latex/collectbox/collectbox.sty
Package: collectbox 2022/10/17 v0.4c Collect macro arguments as boxes
\collectedbox=\box59
)
\tc@llx=\dimen197
\tc@lly=\dimen198
\tc@urx=\dimen199
\tc@ury=\dimen256

(/usr/share/texlive/texmf-dist/tex/latex/adjustbox/tc-pgf.def
File: tc-pgf.def 2019/01/04 v2.2 trimclip fall-back clipping driver using PGF
)
Package trimclip Info: No clipping driver 'tc-luatex.def' available.
(trimclip)             Using fall-back PGF driver.
)
\adjbox@Width=\dimen257
\adjbox@Height=\dimen258
\adjbox@Depth=\dimen259
\adjbox@Totalheight=\dimen260
\adjbox@pwidth=\dimen261
\adjbox@pheight=\dimen262
\adjbox@pdepth=\dimen263
\adjbox@ptotalheight=\dimen264

(/usr/share/texlive/texmf-dist/tex/latex/ifoddpage/ifoddpage.sty
Package: ifoddpage 2022/10/18 v1.2 Conditionals for odd/even page detection
\c@checkoddpage=\count289
)
(/usr/share/texlive/texmf-dist/tex/latex/varwidth/varwidth.sty
Package: varwidth 2009/03/30 ver 0.92;  Variable-width minipages
\@vwid@box=\box60
\sift@deathcycles=\count290
\@vwid@loff=\dimen265
\@vwid@roff=\dimen266
))
(/usr/share/texlive/texmf-dist/tex/latex/lilyglyphs/core/opticals.inp)
(/usr/share/texlive/texmf-dist/tex/latex/lilyglyphs/core/keyval.inp)
(/usr/share/texlive/texmf-dist/tex/latex/lilyglyphs/core/genericAccess.inp
(/usr/share/texlive/texmf-dist/tex/generic/iftex/ifluatex.sty
Package: ifluatex 2019/10/25 v1.5 ifluatex legacy package. Use iftex instead.

(/usr/share/texlive/texmf-dist/tex/generic/iftex/iftex.sty
Package: iftex 2022/02/03 v1.0f TeX engine tests
))
(/usr/share/texlive/texmf-dist/tex/generic/iftex/ifxetex.sty
Package: ifxetex 2019/10/25 v0.7 ifxetex legacy package. Use iftex instead.
)
(/usr/share/texlive/texmf-dist/tex/lualatex/luacode/luacode.sty
Package: luacode 2012/01/23 v1.2a lua-in-tex helpers (mpg)

(/usr/share/texlive/texmf-dist/tex/luatex/luatexbase/luatexbase.sty
Package: luatexbase 2015/10/04 v1.3 luatexbase interface to LuaTeX 

(/usr/share/texlive/texmf-dist/tex/luatex/ctablestack/ctablestack.sty
Package: ctablestack 2015/10/01 v1.0 Catcode table stable support
\@catcodetablestackcnt=\count291
)
\CatcodeTableOther=\catcodetable14
\CatcodeTableExpl=\catcodetable15
)
\luacode@lines=\toks30
\luacode@table@soft=\catcodetable16
))
(/usr/share/texlive/texmf-dist/tex/latex/lilyglyphs/core/dotted.inp)
(/usr/share/texlive/texmf-dist/tex/latex/lilyglyphs/commands/clefs.inp)
(/usr/share/texlive/texmf-dist/tex/latex/lilyglyphs/commands/numbers.inp)
(/usr/share/texlive/texmf-dist/tex/latex/lilyglyphs/commands/timesignatures.inp
) (/usr/share/texlive/texmf-dist/tex/latex/lilyglyphs/commands/dynamics.inp)
(/usr/share/texlive/texmf-dist/tex/latex/lilyglyphs/commands/accidentals.inp)
(/usr/share/texlive/texmf-dist/tex/latex/lilyglyphs/commands/rests.inp)
(/usr/share/texlive/texmf-dist/tex/latex/lilyglyphs/commands/scripts.inp)
(/usr/share/texlive/texmf-dist/tex/latex/lilyglyphs/commands/accordion.inp)
(/usr/share/texlive/texmf-dist/tex/latex/lilyglyphs/commands/singlenotes.inp)
(/usr/share/texlive/texmf-dist/tex/latex/lilyglyphs/commands/beamednotes.inp)
(/usr/share/texlive/texmf-dist/tex/latex/lilyglyphs/commands/fancyexamples.inp))
 (/usr/share/texlive/texmf-dist/tex/luatex/lyluatex/lyluatex.sty
Package: lyluatex 2023/04/18 v1.1.5

(/usr/share/texlive/texmf-dist/tex/latex/minibox/minibox.sty
Package: minibox 2013/06/21 v0.2a Another type of box.
\l_minibox_rule_dim=\dimen267
\l_minibox_pad_dim=\dimen268
)
(/usr/share/texlive/texmf-dist/tex/latex/environ/environ.sty
Package: environ 2014/05/04 v0.3 A new way to define environments

(/usr/share/texlive/texmf-dist/tex/latex/trimspaces/trimspaces.sty
Package: trimspaces 2009/09/17 v1.1 Trim spaces around a token list
)
\@envbody=\toks31
)
(/usr/share/texlive/texmf-dist/tex/latex/currfile/currfile.sty
Package: currfile 2022/10/10 v0.8 Provides the file path elements of the curren
t input file

(/usr/share/texlive/texmf-dist/tex/latex/kvoptions/kvoptions.sty
Package: kvoptions 2022-06-15 v3.15 Key value format for package options (HO)

(/usr/share/texlive/texmf-dist/tex/generic/ltxcmds/ltxcmds.sty
Package: ltxcmds 2023-12-04 v1.26 LaTeX kernel commands for general use (HO)
)
(/usr/share/texlive/texmf-dist/tex/latex/kvsetkeys/kvsetkeys.sty
Package: kvsetkeys 2022-10-05 v1.19 Key value parser (HO)
))
(/usr/share/texlive/texmf-dist/tex/latex/filehook/filehook.sty
Package: filehook 2022/10/25 v0.8b Hooks for input files

(/usr/share/texlive/texmf-dist/tex/latex/filehook/filehook-2020.sty
Package: filehook-2020 2022/10/25 v0.8b Hooks for input files
))
\c@currfiledepth=\count292
)
(/usr/share/texlive/texmf-dist/tex/latex/pdfpages/pdfpages.sty
Package: pdfpages 2024/01/21 v0.5y Insert pages of external PDF documents (AM)

(/usr/share/texlive/texmf-dist/tex/latex/base/ifthen.sty
Package: ifthen 2022/04/13 v1.1d Standard LaTeX ifthen package (DPC)
)
(/usr/share/texlive/texmf-dist/tex/latex/tools/calc.sty
Package: calc 2023/07/08 v4.3 Infix arithmetic (KKT,FJ)
\calc@Acount=\count293
\calc@Bcount=\count294
\calc@Adimen=\dimen269
\calc@Bdimen=\dimen270
\calc@Askip=\skip50
\calc@Bskip=\skip51
LaTeX Info: Redefining \setlength on input line 80.
LaTeX Info: Redefining \addtolength on input line 81.
\calc@Ccount=\count295
\calc@Cskip=\skip52
)
(/usr/share/texlive/texmf-dist/tex/latex/eso-pic/eso-pic.sty
Package: eso-pic 2023/05/03 v3.0c eso-pic (RN)
\ESO@tempdima=\dimen271
\ESO@tempdimb=\dimen272
)
\AM@pagewidth=\dimen273
\AM@pageheight=\dimen274
\AM@fboxrule=\dimen275

(/usr/share/texlive/texmf-dist/tex/latex/pdfpages/ppluatex.def
File: ppluatex.def 2024/01/21 v0.5y Pdfpages driver for LuaTeX (AM)
)
\pdfpages@includegraphics@status=\count296
\AM@pagebox=\box61
\AM@global@opts=\toks32
\AM@pagecnt=\count297
\AM@toc@title=\toks33
\AM@lof@heading=\toks34
\c@AM@survey=\count298
\AM@templatesizebox=\box62
)
(/usr/share/texlive/texmf-dist/tex/lualatex/luaoptions/luaoptions.sty
Package: luaoptions 2022/10/30 v0.8
Lua module: luaoptions 2022/10/30 0.8 Module luaoptions.
Lua module: luaoptions-lib 2022/10/30 0.8 Module luaoptions-lib.)
(/usr/share/texlive/texmf-dist/tex/latex/metalogo/metalogo.sty
Package: metalogo 2010/05/29 v0.12 Extended TeX logo macros
\xl@everylogo=\toks35
\xl@@everylogo=\toks36
LaTeX Info: Redefining \TeX on input line 193.
LaTeX Info: Redefining \LaTeX on input line 202.
LaTeX Info: Redefining \LaTeXe on input line 219.
)
Lua module: lyluatex 2023/04/18 1.1.5 Module lyluatex.) (./main.aux
(./TeX_files/chapter01.aux) (./TeX_files/chapter02.aux)
(./TeX_files/chapter03.aux) (./TeX_files/chapter04.aux)
(./TeX_files/chapter05.aux) (./TeX_files/chapter06.aux

LaTeX Warning: Label `tab:booktabs_example' multiply defined.


LaTeX Warning: Label `tab:booktabs_example' multiply defined.

))
\openout1 = main.aux

LaTeX Font Info:    Checking defaults for OML/cmm/m/it on input line 11.
LaTeX Font Info:    ... okay on input line 11.
LaTeX Font Info:    Checking defaults for OMS/cmsy/m/n on input line 11.
LaTeX Font Info:    ... okay on input line 11.
LaTeX Font Info:    Checking defaults for OT1/cmr/m/n on input line 11.
LaTeX Font Info:    ... okay on input line 11.
LaTeX Font Info:    Checking defaults for T1/cmr/m/n on input line 11.
LaTeX Font Info:    ... okay on input line 11.
LaTeX Font Info:    Checking defaults for TS1/cmr/m/n on input line 11.
LaTeX Font Info:    Trying to load font information for TS1+cmr on input line 1
1.
 (/usr/share/texlive/texmf-dist/tex/latex/base/ts1cmr.fd
File: ts1cmr.fd 2023/04/13 v2.5m Standard LaTeX font definitions
)
LaTeX Font Info:    ... okay on input line 11.
LaTeX Font Info:    Checking defaults for TU/lmr/m/n on input line 11.
LaTeX Font Info:    ... okay on input line 11.
LaTeX Font Info:    Checking defaults for OMX/cmex/m/n on input line 11.
LaTeX Font Info:    ... okay on input line 11.
LaTeX Font Info:    Checking defaults for U/cmr/m/n on input line 11.
LaTeX Font Info:    ... okay on input line 11.

(/usr/share/texlive/texmf-dist/tex/context/base/mkii/supp-pdf.mkii
[Loading MPS to PDF converter (version 2006.09.02).]
\scratchcounter=\count299
\scratchdimen=\dimen276
\scratchbox=\box63
\nofMPsegments=\count300
\nofMParguments=\count301
\everyMPshowfont=\toks37
\MPscratchCnt=\count302
\MPscratchDim=\dimen277
\MPnumerator=\count303
\makeMPintoPDFobject=\count304
\everyMPtoPDFconversion=\toks38
) (/usr/share/texlive/texmf-dist/tex/latex/epstopdf-pkg/epstopdf-base.sty
Package: epstopdf-base 2020-01-24 v2.11 Base part for package epstopdf
Package epstopdf-base Info: Redefining graphics rule for `.eps' on input line 4
85.

(/usr/share/texlive/texmf-dist/tex/latex/latexconfig/epstopdf-sys.cfg
File: epstopdf-sys.cfg 2010/07/13 v1.3 Configuration of (r)epstopdf for TeX Liv
e
))

Package fontspec Info: Adjusting the maths setup (use [no-math] to avoid
(fontspec)             this).

\symlegacymaths=\mathgroup4
LaTeX Font Info:    Overwriting symbol font `legacymaths' in version `bold'
(Font)                  OT1/cmr/m/n --> OT1/cmr/bx/n on input line 11.
LaTeX Font Info:    Redeclaring math accent \acute on input line 11.
LaTeX Font Info:    Redeclaring math accent \grave on input line 11.
LaTeX Font Info:    Redeclaring math accent \ddot on input line 11.
LaTeX Font Info:    Redeclaring math accent \tilde on input line 11.
LaTeX Font Info:    Redeclaring math accent \bar on input line 11.
LaTeX Font Info:    Redeclaring math accent \breve on input line 11.
LaTeX Font Info:    Redeclaring math accent \check on input line 11.
LaTeX Font Info:    Redeclaring math accent \hat on input line 11.
LaTeX Font Info:    Redeclaring math accent \dot on input line 11.
LaTeX Font Info:    Redeclaring math accent \mathring on input line 11.
LaTeX Font Info:    Redeclaring math symbol \colon on input line 11.
LaTeX Font Info:    Redeclaring math symbol \Gamma on input line 11.
LaTeX Font Info:    Redeclaring math symbol \Delta on input line 11.
LaTeX Font Info:    Redeclaring math symbol \Theta on input line 11.
LaTeX Font Info:    Redeclaring math symbol \Lambda on input line 11.
LaTeX Font Info:    Redeclaring math symbol \Xi on input line 11.
LaTeX Font Info:    Redeclaring math symbol \Pi on input line 11.
LaTeX Font Info:    Redeclaring math symbol \Sigma on input line 11.
LaTeX Font Info:    Redeclaring math symbol \Upsilon on input line 11.
LaTeX Font Info:    Redeclaring math symbol \Phi on input line 11.
LaTeX Font Info:    Redeclaring math symbol \Psi on input line 11.
LaTeX Font Info:    Redeclaring math symbol \Omega on input line 11.
LaTeX Font Info:    Redeclaring math symbol \mathdollar on input line 11.
LaTeX Font Info:    Redeclaring symbol font `operators' on input line 11.
LaTeX Font Info:    Encoding `OT1' has changed to `TU' for symbol font
(Font)              `operators' in the math version `normal' on input line 11.
LaTeX Font Info:    Overwriting symbol font `operators' in version `normal'
(Font)                  OT1/cmr/m/n --> TU/lmr/m/n on input line 11.
LaTeX Font Info:    Encoding `OT1' has changed to `TU' for symbol font
(Font)              `operators' in the math version `bold' on input line 11.
LaTeX Font Info:    Overwriting symbol font `operators' in version `bold'
(Font)                  OT1/cmr/bx/n --> TU/lmr/m/n on input line 11.
LaTeX Font Info:    Overwriting symbol font `operators' in version `normal'
(Font)                  TU/lmr/m/n --> TU/lmr/m/n on input line 11.
LaTeX Font Info:    Overwriting math alphabet `\mathit' in version `normal'
(Font)                  OT1/cmr/m/it --> TU/lmr/m/it on input line 11.
LaTeX Font Info:    Overwriting math alphabet `\mathbf' in version `normal'
(Font)                  OT1/cmr/bx/n --> TU/lmr/b/n on input line 11.
LaTeX Font Info:    Overwriting math alphabet `\mathsf' in version `normal'
(Font)                  OT1/cmss/m/n --> TU/lmss/m/n on input line 11.
LaTeX Font Info:    Overwriting math alphabet `\mathtt' in version `normal'
(Font)                  OT1/cmtt/m/n --> TU/lmtt/m/n on input line 11.
LaTeX Font Info:    Overwriting symbol font `operators' in version `bold'
(Font)                  TU/lmr/m/n --> TU/lmr/b/n on input line 11.
LaTeX Font Info:    Overwriting math alphabet `\mathit' in version `bold'
(Font)                  OT1/cmr/bx/it --> TU/lmr/b/it on input line 11.
LaTeX Font Info:    Overwriting math alphabet `\mathsf' in version `bold'
(Font)                  OT1/cmss/bx/n --> TU/lmss/b/n on input line 11.
LaTeX Font Info:    Overwriting math alphabet `\mathtt' in version `bold'
(Font)                  OT1/cmtt/m/n --> TU/lmtt/b/n on input line 11.

(/usr/share/texlive/texmf-dist/tex/latex/pdflscape/pdflscape.sty
Package: pdflscape 2022-10-27 v0.13 Display of landscape pages in PDF

(/usr/share/texlive/texmf-dist/tex/latex/pdflscape/pdflscape-nometadata.sty
Package: pdflscape-nometadata 2022-10-28 v0.13 Display of landscape pages in PD
F (HO)

(/usr/share/texlive/texmf-dist/tex/latex/graphics/lscape.sty
Package: lscape 2020/05/28 v3.02 Landscape Pages (DPC)
)
Package pdflscape Info: Auto-detected driver: pdftex on input line 81.
))
LaTeX Font Info:    External font `cmex10' loaded for size
(Font)              <14.4> on input line 20.
LaTeX Font Info:    External font `cmex10' loaded for size
(Font)              <7> on input line 20.
 [1



{/var/lib/texmf/fonts/map/pdftex/updmap/pdftex.map}] [2

] (./main.toc
LaTeX Font Info:    External font `cmex10' loaded for size
(Font)              <12> on input line 2.
LaTeX Font Info:    External font `cmex10' loaded for size
(Font)              <8> on input line 2.
LaTeX Font Info:    External font `cmex10' loaded for size
(Font)              <6> on input line 2.
 [3]
Underfull \vbox (badness 10000) has occurred while \output is active []

 [4])
\tf@toc=\write4

\openout4 = main.toc

[5] [6

]
\openout2 = ./TeX_files/chapter01.aux
 (./TeX_files/chapter01.tex
Chapter 1.
) [1


] [2]
\openout2 = ./TeX_files/chapter02.aux
 (./TeX_files/chapter02.tex
Chapter 2.

Underfull \vbox (badness 10000) has occurred while \output is active []

 [3




]
<../../Downloads/headstock.png, id=37, 3035.34pt x 4047.12pt>
File: ../../Downloads/headstock.png Graphic file (type png)
<use ../../Downloads/headstock.png>
Package luatex.def Info: ../../Downloads/headstock.png  used on input line 24.
(luatex.def)             Requested size: 390.0pt x 519.96867pt.

[4] [5<../../Downloads/headstock.png>]) [6]
\openout2 = ./TeX_files/chapter03.aux
 (./TeX_files/chapter03.tex
Chapter 3.
[7




] [8]) [9]
\openout2 = ./TeX_files/chapter04.aux
 (./TeX_files/chapter04.tex [10




]
Chapter 4.
[11]
Overfull \hbox (25.29218pt too wide) in paragraph at lines 28--29
 [] 
 []

[12]
Module lyluatex Warning: Found something incompatible with `fragment`
(lyluatex)               (or `relative`). Setting them to false.
(lyluatex)               on input line 74
Module lyluatex Info: Compiling score tmp-ly/d98015a9da17c7400e561e25e9f4c874 wi
th LilyPond executable 'lilypond'. on input line 74
Module lyluatex Info: VERSION 2.24.3 on input line 74
Package epstopdf Info: Source file: <tmp-ly/d98015a9da17c7400e561e25e9f4c874-1.
eps>
(epstopdf)                    date: 2026-06-20 12:17:27
(epstopdf)                    size: 306414 bytes
(epstopdf)             Output file: <tmp-ly/d98015a9da17c7400e561e25e9f4c874-1-
eps-converted-to.pdf>
(epstopdf)                    date: 2026-06-20 12:17:30
(epstopdf)                    size: 25564 bytes
(epstopdf)             Command: <repstopdf --outfile=tmp-ly/d98015a9da17c7400e5
61e25e9f4c874-1-eps-converted-to.pdf tmp-ly/d98015a9da17c7400e561e25e9f4c874-1.
eps>
(epstopdf)             \includegraphics on input line 4.
Package epstopdf Info: Output file is already uptodate.
<tmp-ly/d98015a9da17c7400e561e25e9f4c874-1-eps-converted-to.pdf, id=68, 194.727
5pt x 45.16875pt>
File: tmp-ly/d98015a9da17c7400e561e25e9f4c874-1-eps-converted-to.pdf Graphic fi
le (type pdf)
<use tmp-ly/d98015a9da17c7400e561e25e9f4c874-1-eps-converted-to.pdf>
Package luatex.def Info: tmp-ly/d98015a9da17c7400e561e25e9f4c874-1-eps-converte
d-to.pdf  used on input line 4.
(luatex.def)             Requested size: 194.727pt x 45.16862pt.
[13<./tmp-ly/d98015a9da17c7400e561e25e9f4c874-1-eps-converted-to.pdf>] [14]
[15]
Module lyluatex Warning: Found something incompatible with `fragment`
(lyluatex)               (or `relative`). Setting them to false.
(lyluatex)               on input line 140
Module lyluatex Info: Compiling score tmp-ly/8603b761533ac2ee9d0776d14bc1fe2d wi
th LilyPond executable 'lilypond'. on input line 140
Module lyluatex Info: VERSION 2.24.3 on input line 140
Module lyluatex Info: Command:
(lyluatex)            "lilypond" -E -dno-point-and-click -djob-count=2 -dno-dele
te-intermediate-files -I "/home/dan/Documents/MusicTEX/TeX_files/" -I "/home/dan
/Documents/MusicTEX/TeX_files/" -I "/home/dan/Documents/MusicTEX/" -o "tmp-ly/86
03b761533ac2ee9d0776d14bc1fe2d" tmp-ly/8603b761533ac2ee9d0776d14bc1fe2d.ly 2>&1 
on input line 140
Module lyluatex Info: Command:
(lyluatex)            "lilypond" -E -dno-point-and-click -djob-count=2 -dno-dele
te-intermediate-files -I "/home/dan/Documents/MusicTEX/TeX_files/" -I "/home/dan
/Documents/MusicTEX/TeX_files/" -I "/home/dan/Documents/MusicTEX/" -o "tmp-ly/86
03b761533ac2ee9d0776d14bc1fe2d" tmp-ly/8603b761533ac2ee9d0776d14bc1fe2d.ly 2>&1 
on input line 140
Package epstopdf Info: Source file: <tmp-ly/8603b761533ac2ee9d0776d14bc1fe2d-1.
eps>
(epstopdf)                    date: 2026-06-20 13:24:27
(epstopdf)                    size: 315227 bytes
(epstopdf)             Output file: <tmp-ly/8603b761533ac2ee9d0776d14bc1fe2d-1-
eps-converted-to.pdf>
(epstopdf)             Command: <repstopdf --outfile=tmp-ly/8603b761533ac2ee9d0
776d14bc1fe2d-1-eps-converted-to.pdf tmp-ly/8603b761533ac2ee9d0776d14bc1fe2d-1.
eps>
(epstopdf)             \includegraphics on input line 4.
system(repstopdf --outfile=tmp-ly/8603b761533ac2ee9d0776d14bc1fe2d-1-eps-convert
ed-to.pdf tmp-ly/8603b761533ac2ee9d0776d14bc1fe2d-1.eps) executed.
Package epstopdf Info: Result file: <tmp-ly/8603b761533ac2ee9d0776d14bc1fe2d-1-
eps-converted-to.pdf>
(epstopdf)                    date: 2026-06-20 13:24:30
(epstopdf)                    size: 34625 bytes.
<tmp-ly/8603b761533ac2ee9d0776d14bc1fe2d-1-eps-converted-to.pdf, id=90, 390.458
76pt x 54.2025pt>
File: tmp-ly/8603b761533ac2ee9d0776d14bc1fe2d-1-eps-converted-to.pdf Graphic fi
le (type pdf)
<use tmp-ly/8603b761533ac2ee9d0776d14bc1fe2d-1-eps-converted-to.pdf>
Package luatex.def Info: tmp-ly/8603b761533ac2ee9d0776d14bc1fe2d-1-eps-converte
d-to.pdf  used on input line 4.
(luatex.def)             Requested size: 390.4578pt x 54.20236pt.
Package epstopdf Info: Source file: <tmp-ly/8603b761533ac2ee9d0776d14bc1fe2d-2.
eps>
(epstopdf)                    date: 2026-06-20 13:24:27
(epstopdf)                    size: 314882 bytes
(epstopdf)             Output file: <tmp-ly/8603b761533ac2ee9d0776d14bc1fe2d-2-
eps-converted-to.pdf>
(epstopdf)             Command: <repstopdf --outfile=tmp-ly/8603b761533ac2ee9d0
776d14bc1fe2d-2-eps-converted-to.pdf tmp-ly/8603b761533ac2ee9d0776d14bc1fe2d-2.
eps>
(epstopdf)             \includegraphics on input line 7.
system(repstopdf --outfile=tmp-ly/8603b761533ac2ee9d0776d14bc1fe2d-2-eps-convert
ed-to.pdf tmp-ly/8603b761533ac2ee9d0776d14bc1fe2d-2.eps) executed.
Package epstopdf Info: Result file: <tmp-ly/8603b761533ac2ee9d0776d14bc1fe2d-2-
eps-converted-to.pdf>
(epstopdf)                    date: 2026-06-20 13:24:31
(epstopdf)                    size: 33407 bytes.
<tmp-ly/8603b761533ac2ee9d0776d14bc1fe2d-2-eps-converted-to.pdf, id=91, 390.458
76pt x 61.22874pt>
File: tmp-ly/8603b761533ac2ee9d0776d14bc1fe2d-2-eps-converted-to.pdf Graphic fi
le (type pdf)
<use tmp-ly/8603b761533ac2ee9d0776d14bc1fe2d-2-eps-converted-to.pdf>
Package luatex.def Info: tmp-ly/8603b761533ac2ee9d0776d14bc1fe2d-2-eps-converte
d-to.pdf  used on input line 7.
(luatex.def)             Requested size: 390.4578pt x 61.22858pt.
Package epstopdf Info: Source file: <tmp-ly/8603b761533ac2ee9d0776d14bc1fe2d-3.
eps>
(epstopdf)                    date: 2026-06-20 13:24:27
(epstopdf)                    size: 313482 bytes
(epstopdf)             Output file: <tmp-ly/8603b761533ac2ee9d0776d14bc1fe2d-3-
eps-converted-to.pdf>
(epstopdf)             Command: <repstopdf --outfile=tmp-ly/8603b761533ac2ee9d0
776d14bc1fe2d-3-eps-converted-to.pdf tmp-ly/8603b761533ac2ee9d0776d14bc1fe2d-3.
eps>
(epstopdf)             \includegraphics on input line 10.
system(repstopdf --outfile=tmp-ly/8603b761533ac2ee9d0776d14bc1fe2d-3-eps-convert
ed-to.pdf tmp-ly/8603b761533ac2ee9d0776d14bc1fe2d-3.eps) executed.
Package epstopdf Info: Result file: <tmp-ly/8603b761533ac2ee9d0776d14bc1fe2d-3-
eps-converted-to.pdf>
(epstopdf)                    date: 2026-06-20 13:24:31
(epstopdf)                    size: 33982 bytes.
<tmp-ly/8603b761533ac2ee9d0776d14bc1fe2d-3-eps-converted-to.pdf, id=92, 390.458
76pt x 48.18pt>
File: tmp-ly/8603b761533ac2ee9d0776d14bc1fe2d-3-eps-converted-to.pdf Graphic fi
le (type pdf)
<use tmp-ly/8603b761533ac2ee9d0776d14bc1fe2d-3-eps-converted-to.pdf>
Package luatex.def Info: tmp-ly/8603b761533ac2ee9d0776d14bc1fe2d-3-eps-converte
d-to.pdf  used on input line 10.
(luatex.def)             Requested size: 390.4578pt x 48.17986pt.
Package epstopdf Info: Source file: <tmp-ly/8603b761533ac2ee9d0776d14bc1fe2d-4.
eps>
(epstopdf)                    date: 2026-06-20 13:24:27
(epstopdf)                    size: 313376 bytes
(epstopdf)             Output file: <tmp-ly/8603b761533ac2ee9d0776d14bc1fe2d-4-
eps-converted-to.pdf>
(epstopdf)             Command: <repstopdf --outfile=tmp-ly/8603b761533ac2ee9d0
776d14bc1fe2d-4-eps-converted-to.pdf tmp-ly/8603b761533ac2ee9d0776d14bc1fe2d-4.
eps>
(epstopdf)             \includegraphics on input line 13.
system(repstopdf --outfile=tmp-ly/8603b761533ac2ee9d0776d14bc1fe2d-4-eps-convert
ed-to.pdf tmp-ly/8603b761533ac2ee9d0776d14bc1fe2d-4.eps) executed.
Package epstopdf Info: Result file: <tmp-ly/8603b761533ac2ee9d0776d14bc1fe2d-4-
eps-converted-to.pdf>
(epstopdf)                    date: 2026-06-20 13:24:32
(epstopdf)                    size: 33511 bytes.
<tmp-ly/8603b761533ac2ee9d0776d14bc1fe2d-4-eps-converted-to.pdf, id=93, 390.458
76pt x 61.22874pt>
File: tmp-ly/8603b761533ac2ee9d0776d14bc1fe2d-4-eps-converted-to.pdf Graphic fi
le (type pdf)
<use tmp-ly/8603b761533ac2ee9d0776d14bc1fe2d-4-eps-converted-to.pdf>
Package luatex.def Info: tmp-ly/8603b761533ac2ee9d0776d14bc1fe2d-4-eps-converte
d-to.pdf  used on input line 13.
(luatex.def)             Requested size: 390.4578pt x 61.22858pt.
Package epstopdf Info: Source file: <tmp-ly/8603b761533ac2ee9d0776d14bc1fe2d-5.
eps>
(epstopdf)                    date: 2026-06-20 13:24:27
(epstopdf)                    size: 312778 bytes
(epstopdf)             Output file: <tmp-ly/8603b761533ac2ee9d0776d14bc1fe2d-5-
eps-converted-to.pdf>
(epstopdf)             Command: <repstopdf --outfile=tmp-ly/8603b761533ac2ee9d0
776d14bc1fe2d-5-eps-converted-to.pdf tmp-ly/8603b761533ac2ee9d0776d14bc1fe2d-5.
eps>
(epstopdf)             \includegraphics on input line 16.
system(repstopdf --outfile=tmp-ly/8603b761533ac2ee9d0776d14bc1fe2d-5-eps-convert
ed-to.pdf tmp-ly/8603b761533ac2ee9d0776d14bc1fe2d-5.eps) executed.
Package epstopdf Info: Result file: <tmp-ly/8603b761533ac2ee9d0776d14bc1fe2d-5-
eps-converted-to.pdf>
(epstopdf)                    date: 2026-06-20 13:24:33
(epstopdf)                    size: 34046 bytes.
<tmp-ly/8603b761533ac2ee9d0776d14bc1fe2d-5-eps-converted-to.pdf, id=94, 390.458
76pt x 54.2025pt>
File: tmp-ly/8603b761533ac2ee9d0776d14bc1fe2d-5-eps-converted-to.pdf Graphic fi
le (type pdf)
<use tmp-ly/8603b761533ac2ee9d0776d14bc1fe2d-5-eps-converted-to.pdf>
Package luatex.def Info: tmp-ly/8603b761533ac2ee9d0776d14bc1fe2d-5-eps-converte
d-to.pdf  used on input line 16.
(luatex.def)             Requested size: 390.4578pt x 54.20236pt.
Package epstopdf Info: Source file: <tmp-ly/8603b761533ac2ee9d0776d14bc1fe2d-6.
eps>
(epstopdf)                    date: 2026-06-20 13:24:27
(epstopdf)                    size: 310935 bytes
(epstopdf)             Output file: <tmp-ly/8603b761533ac2ee9d0776d14bc1fe2d-6-
eps-converted-to.pdf>
(epstopdf)             Command: <repstopdf --outfile=tmp-ly/8603b761533ac2ee9d0
776d14bc1fe2d-6-eps-converted-to.pdf tmp-ly/8603b761533ac2ee9d0776d14bc1fe2d-6.
eps>
(epstopdf)             \includegraphics on input line 19.
system(repstopdf --outfile=tmp-ly/8603b761533ac2ee9d0776d14bc1fe2d-6-eps-convert
ed-to.pdf tmp-ly/8603b761533ac2ee9d0776d14bc1fe2d-6.eps) executed.
Package epstopdf Info: Result file: <tmp-ly/8603b761533ac2ee9d0776d14bc1fe2d-6-
eps-converted-to.pdf>
(epstopdf)                    date: 2026-06-20 13:24:33
(epstopdf)                    size: 32881 bytes.
<tmp-ly/8603b761533ac2ee9d0776d14bc1fe2d-6-eps-converted-to.pdf, id=95, 390.458
76pt x 61.22874pt>
File: tmp-ly/8603b761533ac2ee9d0776d14bc1fe2d-6-eps-converted-to.pdf Graphic fi
le (type pdf)
<use tmp-ly/8603b761533ac2ee9d0776d14bc1fe2d-6-eps-converted-to.pdf>
Package luatex.def Info: tmp-ly/8603b761533ac2ee9d0776d14bc1fe2d-6-eps-converte
d-to.pdf  used on input line 19.
(luatex.def)             Requested size: 390.4578pt x 61.22858pt.
) [16] [17<./tmp-ly/8603b761533ac2ee9d0776d14bc1fe2d-1-eps-converted-to.pdf><./t
mp-ly/8603b761533ac2ee9d0776d14bc1fe2d-2-eps-converted-to.pdf><./tmp-ly/8603b761
533ac2ee9d0776d14bc1fe2d-3-eps-converted-to.pdf><./tmp-ly/8603b761533ac2ee9d0776
d14bc1fe2d-4-eps-converted-to.pdf><./tmp-ly/8603b761533ac2ee9d0776d14bc1fe2d-5-e
ps-converted-to.pdf><./tmp-ly/8603b761533ac2ee9d0776d14bc1fe2d-6-eps-converted-t
o.pdf>]
\openout2 = ./TeX_files/chapter05.aux
 (./TeX_files/chapter05.tex [18




]
Chapter 5.
[19] [20]
Module lyluatex Warning: Found something incompatible with `fragment`
(lyluatex)               (or `relative`). Setting them to false.
(lyluatex)               on input line 47
Module lyluatex Info: Compiling score tmp-ly/322b113da5372b9af7b01f56d6d0e428 wi
th LilyPond executable 'lilypond'. on input line 47
Module lyluatex Info: VERSION 2.24.3 on input line 47
Package epstopdf Info: Source file: <tmp-ly/322b113da5372b9af7b01f56d6d0e428-1.
eps>
(epstopdf)                    date: 2026-06-19 17:51:28
(epstopdf)                    size: 308172 bytes
(epstopdf)             Output file: <tmp-ly/322b113da5372b9af7b01f56d6d0e428-1-
eps-converted-to.pdf>
(epstopdf)                    date: 2026-06-19 17:51:31
(epstopdf)                    size: 18407 bytes
(epstopdf)             Command: <repstopdf --outfile=tmp-ly/322b113da5372b9af7b
01f56d6d0e428-1-eps-converted-to.pdf tmp-ly/322b113da5372b9af7b01f56d6d0e428-1.
eps>
(epstopdf)             \includegraphics on input line 4.
Package epstopdf Info: Output file is already uptodate.
<tmp-ly/322b113da5372b9af7b01f56d6d0e428-1-eps-converted-to.pdf, id=203, 211.79
124pt x 50.1875pt>
File: tmp-ly/322b113da5372b9af7b01f56d6d0e428-1-eps-converted-to.pdf Graphic fi
le (type pdf)
<use tmp-ly/322b113da5372b9af7b01f56d6d0e428-1-eps-converted-to.pdf>
Package luatex.def Info: tmp-ly/322b113da5372b9af7b01f56d6d0e428-1-eps-converte
d-to.pdf  used on input line 4.
(luatex.def)             Requested size: 211.79073pt x 50.18736pt.

Overfull \hbox (2.55841pt too wide) in paragraph at lines 52--52
[]\TU/lmr/bx/n/17.28 First two ex-er-cises: Fin-ger Drops and Spi-
 []

) [21<./tmp-ly/322b113da5372b9af7b01f56d6d0e428-1-eps-converted-to.pdf>]
\openout2 = ./TeX_files/chapter06.aux

(./TeX_files/chapter06.tex [22




]
Chapter 6.
luaotfload | aux : font no 54 (nil) defines no feature for script latn
luaotfload | aux : font no 54 (nil) defines no feature for script dflt

Package fontspec Info: Font family 'emmentaler-16.otf(0)' created for font
(fontspec)             'emmentaler-16.otf' with options [Scale=1.2].
(fontspec)              
(fontspec)              This font family consists of the following NFSS
(fontspec)             series/shapes:
(fontspec)              
(fontspec)             - 'normal' (m/n) with NFSS spec.:
(fontspec)             <->s*[1.2]"[emmentaler-16.otf]:mode=node;language=dflt;"

(fontspec)             - 'small caps'  (m/sc) with NFSS spec.: 

LaTeX Font Info:    Font shape `TU/emmentaler-16.otf(0)/m/n' will be
(Font)              scaled to size 29.85593pt on input line 19.
luaotfload | aux : font no 54 (nil) defines no feature for script latn
luaotfload | aux : font no 54 (nil) defines no feature for script dflt

Package fontspec Info: Font family 'emmentaler-16.otf(1)' created for font
(fontspec)             'emmentaler-16.otf' with options [Scale=1.4].
(fontspec)              
(fontspec)              This font family consists of the following NFSS
(fontspec)             series/shapes:
(fontspec)              
(fontspec)             - 'normal' (m/n) with NFSS spec.:
(fontspec)             <->s*[1.4]"[emmentaler-16.otf]:mode=node;language=dflt;"

(fontspec)             - 'small caps'  (m/sc) with NFSS spec.: 

LaTeX Font Info:    Font shape `TU/emmentaler-16.otf(1)/m/n' will be
(Font)              scaled to size 34.83185pt on input line 19.
luaotfload | aux : font no 54 (nil) defines no feature for script latn
luaotfload | aux : font no 54 (nil) defines no feature for script dflt

Package fontspec Info: Font family 'emmentaler-16.otf(2)' created for font
(fontspec)             'emmentaler-16.otf' with options [Scale=1.1].
(fontspec)              
(fontspec)              This font family consists of the following NFSS
(fontspec)             series/shapes:
(fontspec)              
(fontspec)             - 'normal' (m/n) with NFSS spec.:
(fontspec)             <->s*[1.1]"[emmentaler-16.otf]:mode=node;language=dflt;"

(fontspec)             - 'small caps'  (m/sc) with NFSS spec.: 

LaTeX Font Info:    Font shape `TU/emmentaler-16.otf(2)/m/n' will be
(Font)              scaled to size 27.36815pt on input line 20.
[23]
Module lyluatex Warning: Found something incompatible with `fragment`
(lyluatex)               (or `relative`). Setting them to false.
(lyluatex)               on input line 30
Module lyluatex Info: Compiling score tmp-ly/26004830b5abf9a6ad7810ab44f45ed3 wi
th LilyPond executable 'lilypond'. on input line 30
Module lyluatex Info: VERSION 2.24.3 on input line 30
Package epstopdf Info: Source file: <tmp-ly/26004830b5abf9a6ad7810ab44f45ed3-1.
eps>
(epstopdf)                    date: 2026-06-17 12:14:13
(epstopdf)                    size: 157983 bytes
(epstopdf)             Output file: <tmp-ly/26004830b5abf9a6ad7810ab44f45ed3-1-
eps-converted-to.pdf>
(epstopdf)                    date: 2026-06-17 12:14:16
(epstopdf)                    size: 24776 bytes
(epstopdf)             Command: <repstopdf --outfile=tmp-ly/26004830b5abf9a6ad7
810ab44f45ed3-1-eps-converted-to.pdf tmp-ly/26004830b5abf9a6ad7810ab44f45ed3-1.
eps>
(epstopdf)             \includegraphics on input line 4.
Package epstopdf Info: Output file is already uptodate.
<tmp-ly/26004830b5abf9a6ad7810ab44f45ed3-1-eps-converted-to.pdf, id=225, 196.73
5pt x 57.21375pt>
File: tmp-ly/26004830b5abf9a6ad7810ab44f45ed3-1-eps-converted-to.pdf Graphic fi
le (type pdf)
<use tmp-ly/26004830b5abf9a6ad7810ab44f45ed3-1-eps-converted-to.pdf>
Package luatex.def Info: tmp-ly/26004830b5abf9a6ad7810ab44f45ed3-1-eps-converte
d-to.pdf  used on input line 4.
(luatex.def)             Requested size: 196.7345pt x 57.2136pt.
[24<./tmp-ly/26004830b5abf9a6ad7810ab44f45ed3-1-eps-converted-to.pdf>]
luaotfload | aux : font no 59 (nil) defines no feature for script latn
luaotfload | aux : font no 59 (nil) defines no feature for script dflt

Package fontspec Info: Font family 'emmentaler-16.otf(3)' created for font
(fontspec)             'emmentaler-16.otf' with options [Scale=1.0].
(fontspec)              
(fontspec)              This font family consists of the following NFSS
(fontspec)             series/shapes:
(fontspec)              
(fontspec)             - 'normal' (m/n) with NFSS spec.:
(fontspec)             <->s*[1.0]"[emmentaler-16.otf]:mode=node;language=dflt;"

(fontspec)             - 'small caps'  (m/sc) with NFSS spec.: 

LaTeX Font Info:    Font shape `TU/emmentaler-16.otf(3)/m/n' will be
(Font)              scaled to size 14.4pt on input line 65.
<lily-halfNote.pdf, id=240, 6.0225pt x 12.045pt>
File: lily-halfNote.pdf Graphic file (type pdf)
<use lily-halfNote.pdf>
Package luatex.def Info: lily-halfNote.pdf  used on input line 66.
(luatex.def)             Requested size: 5.42018pt x 10.84038pt.
<lily-crotchet.pdf, id=241, 6.0225pt x 12.045pt>
File: lily-crotchet.pdf Graphic file (type pdf)
<use lily-crotchet.pdf>
Package luatex.def Info: lily-crotchet.pdf  used on input line 67.
(luatex.def)             Requested size: 5.42018pt x 10.84038pt.
<lily-quaver.pdf, id=242, 9.03375pt x 14.0525pt>
File: lily-quaver.pdf Graphic file (type pdf)
<use lily-quaver.pdf>
Package luatex.def Info: lily-quaver.pdf  used on input line 68.
(luatex.def)             Requested size: 8.13028pt x 12.64713pt.
<lily-semiquaver.pdf, id=243, 9.03375pt x 14.0525pt>
File: lily-semiquaver.pdf Graphic file (type pdf)
<use lily-semiquaver.pdf>
Package luatex.def Info: lily-semiquaver.pdf  used on input line 69.
(luatex.def)             Requested size: 8.13028pt x 12.64713pt.
luaotfload | aux : font no 62 (nil) defines no feature for script latn
luaotfload | aux : font no 62 (nil) defines no feature for script dflt
LaTeX Font Info:    Font shape `TU/emmentaler-16.otf(3)/m/n' will be
(Font)              scaled to size 12.0pt on input line 74.
File: lily-halfNote.pdf Graphic file (type pdf)
<use lily-halfNote.pdf>
Package luatex.def Info: lily-halfNote.pdf  used on input line 74.
(luatex.def)             Requested size: 4.51685pt x 9.0337pt.
File: lily-crotchet.pdf Graphic file (type pdf)
<use lily-crotchet.pdf>
Package luatex.def Info: lily-crotchet.pdf  used on input line 74.
(luatex.def)             Requested size: 4.51685pt x 9.0337pt.
File: lily-quaver.pdf Graphic file (type pdf)
<use lily-quaver.pdf>
Package luatex.def Info: lily-quaver.pdf  used on input line 74.
(luatex.def)             Requested size: 6.77527pt x 10.53934pt.
File: lily-semiquaver.pdf Graphic file (type pdf)
<use lily-semiquaver.pdf>
Package luatex.def Info: lily-semiquaver.pdf  used on input line 74.
(luatex.def)             Requested size: 6.77527pt x 10.53934pt.
 [25</usr/share/texlive/texmf-dist/tex/latex/lilyglyphs/pdfs/lily-halfNote.pdf><
/usr/share/texlive/texmf-dist/tex/latex/lilyglyphs/pdfs/lily-crotchet.pdf></usr/
share/texlive/texmf-dist/tex/latex/lilyglyphs/pdfs/lily-quaver.pdf></usr/share/t
exlive/texmf-dist/tex/latex/lilyglyphs/pdfs/lily-semiquaver.pdf>]
Module lyluatex Warning: Found something incompatible with `fragment`
(lyluatex)               (or `relative`). Setting them to false.
(lyluatex)               on input line 95
Module lyluatex Info: Compiling score tmp-ly/f671e32fbd74f857bf224ff8696b663e wi
th LilyPond executable 'lilypond'. on input line 95
Module lyluatex Info: VERSION 2.24.3 on input line 95
Package epstopdf Info: Source file: <tmp-ly/f671e32fbd74f857bf224ff8696b663e-1.
eps>
(epstopdf)                    date: 2026-06-17 13:02:24
(epstopdf)                    size: 161887 bytes
(epstopdf)             Output file: <tmp-ly/f671e32fbd74f857bf224ff8696b663e-1-
eps-converted-to.pdf>
(epstopdf)                    date: 2026-06-17 13:02:27
(epstopdf)                    size: 10780 bytes
(epstopdf)             Command: <repstopdf --outfile=tmp-ly/f671e32fbd74f857bf2
24ff8696b663e-1-eps-converted-to.pdf tmp-ly/f671e32fbd74f857bf224ff8696b663e-1.
eps>
(epstopdf)             \includegraphics on input line 4.
Package epstopdf Info: Output file is already uptodate.
<tmp-ly/f671e32fbd74f857bf224ff8696b663e-1-eps-converted-to.pdf, id=276, 390.45
876pt x 45.16875pt>
File: tmp-ly/f671e32fbd74f857bf224ff8696b663e-1-eps-converted-to.pdf Graphic fi
le (type pdf)
<use tmp-ly/f671e32fbd74f857bf224ff8696b663e-1-eps-converted-to.pdf>
Package luatex.def Info: tmp-ly/f671e32fbd74f857bf224ff8696b663e-1-eps-converte
d-to.pdf  used on input line 4.
(luatex.def)             Requested size: 390.4578pt x 45.16862pt.
Package epstopdf Info: Source file: <tmp-ly/f671e32fbd74f857bf224ff8696b663e-2.
eps>
(epstopdf)                    date: 2026-06-17 13:02:24
(epstopdf)                    size: 161601 bytes
(epstopdf)             Output file: <tmp-ly/f671e32fbd74f857bf224ff8696b663e-2-
eps-converted-to.pdf>
(epstopdf)                    date: 2026-06-17 13:02:28
(epstopdf)                    size: 10312 bytes
(epstopdf)             Command: <repstopdf --outfile=tmp-ly/f671e32fbd74f857bf2
24ff8696b663e-2-eps-converted-to.pdf tmp-ly/f671e32fbd74f857bf224ff8696b663e-2.
eps>
(epstopdf)             \includegraphics on input line 7.
Package epstopdf Info: Output file is already uptodate.
<tmp-ly/f671e32fbd74f857bf224ff8696b663e-2-eps-converted-to.pdf, id=277, 390.45
876pt x 45.16875pt>
File: tmp-ly/f671e32fbd74f857bf224ff8696b663e-2-eps-converted-to.pdf Graphic fi
le (type pdf)
<use tmp-ly/f671e32fbd74f857bf224ff8696b663e-2-eps-converted-to.pdf>
Package luatex.def Info: tmp-ly/f671e32fbd74f857bf224ff8696b663e-2-eps-converte
d-to.pdf  used on input line 7.
(luatex.def)             Requested size: 390.4578pt x 45.16862pt.
Module lyluatex Warning: Found something incompatible with `fragment`
(lyluatex)               (or `relative`). Setting them to false.
(lyluatex)               on input line 101
Module lyluatex Info: Compiling score tmp-ly/ed372b869b1fd4f848ff4bd11bb8b7c6 wi
th LilyPond executable 'lilypond'. on input line 101
Module lyluatex Info: VERSION 2.24.3 on input line 101
[26<./tmp-ly/f671e32fbd74f857bf224ff8696b663e-1-eps-converted-to.pdf><./tmp-ly/f
671e32fbd74f857bf224ff8696b663e-2-eps-converted-to.pdf>]
Package epstopdf Info: Source file: <tmp-ly/ed372b869b1fd4f848ff4bd11bb8b7c6-1.
eps>
(epstopdf)                    date: 2026-06-17 12:58:00
(epstopdf)                    size: 88731 bytes
(epstopdf)             Output file: <tmp-ly/ed372b869b1fd4f848ff4bd11bb8b7c6-1-
eps-converted-to.pdf>
(epstopdf)                    date: 2026-06-17 12:58:06
(epstopdf)                    size: 10567 bytes
(epstopdf)             Command: <repstopdf --outfile=tmp-ly/ed372b869b1fd4f848f
f4bd11bb8b7c6-1-eps-converted-to.pdf tmp-ly/ed372b869b1fd4f848ff4bd11bb8b7c6-1.
eps>
(epstopdf)             \includegraphics on input line 4.
Package epstopdf Info: Output file is already uptodate.
<tmp-ly/ed372b869b1fd4f848ff4bd11bb8b7c6-1-eps-converted-to.pdf, id=297, 390.45
876pt x 45.16875pt>
File: tmp-ly/ed372b869b1fd4f848ff4bd11bb8b7c6-1-eps-converted-to.pdf Graphic fi
le (type pdf)
<use tmp-ly/ed372b869b1fd4f848ff4bd11bb8b7c6-1-eps-converted-to.pdf>
Package luatex.def Info: tmp-ly/ed372b869b1fd4f848ff4bd11bb8b7c6-1-eps-converte
d-to.pdf  used on input line 4.
(luatex.def)             Requested size: 390.4578pt x 45.16862pt.

Overfull \hbox (0.4578pt too wide) in paragraph at lines 4--103
 |[] 
 []

LaTeX Font Info:    External font `cmex10' loaded for size
(Font)              <24.88> on input line 112.
LaTeX Font Info:    External font `cmex10' loaded for size
(Font)              <20.74> on input line 112.
LaTeX Font Info:    External font `cmex10' loaded for size
(Font)              <17.28> on input line 112.
Module lyluatex Warning: Found something incompatible with `fragment`
(lyluatex)               (or `relative`). Setting them to false.
(lyluatex)               on input line 124
Module lyluatex Info: Compiling score tmp-ly/c8b08c7677137e86528d6c28c5345a66 wi
th LilyPond executable 'lilypond'. on input line 124
Module lyluatex Info: VERSION 2.24.3 on input line 124
Package epstopdf Info: Source file: <tmp-ly/c8b08c7677137e86528d6c28c5345a66-1.
eps>
(epstopdf)                    date: 2026-06-17 14:50:53
(epstopdf)                    size: 235556 bytes
(epstopdf)             Output file: <tmp-ly/c8b08c7677137e86528d6c28c5345a66-1-
eps-converted-to.pdf>
(epstopdf)                    date: 2026-06-17 14:50:59
(epstopdf)                    size: 11596 bytes
(epstopdf)             Command: <repstopdf --outfile=tmp-ly/c8b08c7677137e86528
d6c28c5345a66-1-eps-converted-to.pdf tmp-ly/c8b08c7677137e86528d6c28c5345a66-1.
eps>
(epstopdf)             \includegraphics on input line 4.
Package epstopdf Info: Output file is already uptodate.
<tmp-ly/c8b08c7677137e86528d6c28c5345a66-1-eps-converted-to.pdf, id=298, 390.45
876pt x 39.14626pt>
File: tmp-ly/c8b08c7677137e86528d6c28c5345a66-1-eps-converted-to.pdf Graphic fi
le (type pdf)
<use tmp-ly/c8b08c7677137e86528d6c28c5345a66-1-eps-converted-to.pdf>
Package luatex.def Info: tmp-ly/c8b08c7677137e86528d6c28c5345a66-1-eps-converte
d-to.pdf  used on input line 4.
(luatex.def)             Requested size: 390.4578pt x 39.14615pt.
[27<./tmp-ly/ed372b869b1fd4f848ff4bd11bb8b7c6-1-eps-converted-to.pdf><./tmp-ly/c
8b08c7677137e86528d6c28c5345a66-1-eps-converted-to.pdf>]
Module lyluatex Warning: Found something incompatible with `fragment`
(lyluatex)               (or `relative`). Setting them to false.
(lyluatex)               on input line 143
Module lyluatex Info: Compiling score tmp-ly/9f39ef0bf2f61811075e5d559e893614 wi
th LilyPond executable 'lilypond'. on input line 143
Module lyluatex Info: VERSION 2.24.3 on input line 143
Package epstopdf Info: Source file: <tmp-ly/9f39ef0bf2f61811075e5d559e893614-1.
eps>
(epstopdf)                    date: 2026-06-17 15:35:45
(epstopdf)                    size: 232735 bytes
(epstopdf)             Output file: <tmp-ly/9f39ef0bf2f61811075e5d559e893614-1-
eps-converted-to.pdf>
(epstopdf)                    date: 2026-06-17 15:35:50
(epstopdf)                    size: 11355 bytes
(epstopdf)             Command: <repstopdf --outfile=tmp-ly/9f39ef0bf2f61811075
e5d559e893614-1-eps-converted-to.pdf tmp-ly/9f39ef0bf2f61811075e5d559e893614-1.
eps>
(epstopdf)             \includegraphics on input line 4.
Package epstopdf Info: Output file is already uptodate.
<tmp-ly/9f39ef0bf2f61811075e5d559e893614-1-eps-converted-to.pdf, id=319, 314.17
375pt x 39.14626pt>
File: tmp-ly/9f39ef0bf2f61811075e5d559e893614-1-eps-converted-to.pdf Graphic fi
le (type pdf)
<use tmp-ly/9f39ef0bf2f61811075e5d559e893614-1-eps-converted-to.pdf>
Package luatex.def Info: tmp-ly/9f39ef0bf2f61811075e5d559e893614-1-eps-converte
d-to.pdf  used on input line 4.
(luatex.def)             Requested size: 314.17297pt x 39.14615pt.
[28<./tmp-ly/9f39ef0bf2f61811075e5d559e893614-1-eps-converted-to.pdf>]
luaotfload | aux : font no 59 (nil) defines no feature for script latn
luaotfload | aux : font no 59 (nil) defines no feature for script dflt

Package fontspec Info: Font family 'emmentaler-16.otf(4)' created for font
(fontspec)             'emmentaler-16.otf' with options [Scale=1.3].
(fontspec)              
(fontspec)              This font family consists of the following NFSS
(fontspec)             series/shapes:
(fontspec)              
(fontspec)             - 'normal' (m/n) with NFSS spec.:
(fontspec)             <->s*[1.3]"[emmentaler-16.otf]:mode=node;language=dflt;"

(fontspec)             - 'small caps'  (m/sc) with NFSS spec.: 

LaTeX Font Info:    Font shape `TU/emmentaler-16.otf(4)/m/n' will be
(Font)              scaled to size 18.72003pt on input line 165.
luaotfload | aux : font no 59 (nil) defines no feature for script latn
luaotfload | aux : font no 59 (nil) defines no feature for script dflt
luaotfload | aux : font no 59 (nil) defines no feature for script latn
luaotfload | aux : font no 59 (nil) defines no feature for script dflt
luaotfload | aux : font no 59 (nil) defines no feature for script latn
luaotfload | aux : font no 59 (nil) defines no feature for script dflt
luaotfload | aux : font no 59 (nil) defines no feature for script latn
luaotfload | aux : font no 59 (nil) defines no feature for script dflt
luaotfload | aux : font no 59 (nil) defines no feature for script latn
luaotfload | aux : font no 59 (nil) defines no feature for script dflt
luaotfload | aux : font no 59 (nil) defines no feature for script latn
luaotfload | aux : font no 59 (nil) defines no feature for script dflt
File: lily-halfNote.pdf Graphic file (type pdf)
<use lily-halfNote.pdf>
Package luatex.def Info: lily-halfNote.pdf  used on input line 188.
(luatex.def)             Requested size: 5.42018pt x 10.84038pt.
luaotfload | aux : font no 59 (nil) defines no feature for script latn
luaotfload | aux : font no 59 (nil) defines no feature for script dflt
File: lily-crotchet.pdf Graphic file (type pdf)
<use lily-crotchet.pdf>
Package luatex.def Info: lily-crotchet.pdf  used on input line 189.
(luatex.def)             Requested size: 5.42018pt x 10.84038pt.
luaotfload | aux : font no 59 (nil) defines no feature for script latn
luaotfload | aux : font no 59 (nil) defines no feature for script dflt
File: lily-quaver.pdf Graphic file (type pdf)
<use lily-quaver.pdf>
Package luatex.def Info: lily-quaver.pdf  used on input line 190.
(luatex.def)             Requested size: 8.13028pt x 12.64713pt.
luaotfload | aux : font no 59 (nil) defines no feature for script latn
luaotfload | aux : font no 59 (nil) defines no feature for script dflt
File: lily-semiquaver.pdf Graphic file (type pdf)
<use lily-semiquaver.pdf>
Package luatex.def Info: lily-semiquaver.pdf  used on input line 191.
(luatex.def)             Requested size: 8.13028pt x 12.64713pt.
luaotfload | aux : font no 59 (nil) defines no feature for script latn
luaotfload | aux : font no 59 (nil) defines no feature for script dflt
Module lyluatex Warning: Found something incompatible with `fragment`
(lyluatex)               (or `relative`). Setting them to false.
(lyluatex)               on input line 202
Module lyluatex Info: Compiling score tmp-ly/cb77acb311af4ff503aa6e732cd9cf1b wi
th LilyPond executable 'lilypond'. on input line 202
Module lyluatex Info: VERSION 2.24.3 on input line 202
Package epstopdf Info: Source file: <tmp-ly/cb77acb311af4ff503aa6e732cd9cf1b-1.
eps>
(epstopdf)                    date: 2026-06-17 16:22:46
(epstopdf)                    size: 159943 bytes
(epstopdf)             Output file: <tmp-ly/cb77acb311af4ff503aa6e732cd9cf1b-1-
eps-converted-to.pdf>
(epstopdf)                    date: 2026-06-17 16:22:49
(epstopdf)                    size: 10843 bytes
(epstopdf)             Command: <repstopdf --outfile=tmp-ly/cb77acb311af4ff503a
a6e732cd9cf1b-1-eps-converted-to.pdf tmp-ly/cb77acb311af4ff503aa6e732cd9cf1b-1.
eps>
(epstopdf)             \includegraphics on input line 4.
Package epstopdf Info: Output file is already uptodate.
<tmp-ly/cb77acb311af4ff503aa6e732cd9cf1b-1-eps-converted-to.pdf, id=331, 390.45
876pt x 38.1425pt>
File: tmp-ly/cb77acb311af4ff503aa6e732cd9cf1b-1-eps-converted-to.pdf Graphic fi
le (type pdf)
<use tmp-ly/cb77acb311af4ff503aa6e732cd9cf1b-1-eps-converted-to.pdf>
Package luatex.def Info: tmp-ly/cb77acb311af4ff503aa6e732cd9cf1b-1-eps-converte
d-to.pdf  used on input line 4.
(luatex.def)             Requested size: 390.4578pt x 38.1424pt.
Package epstopdf Info: Source file: <tmp-ly/cb77acb311af4ff503aa6e732cd9cf1b-2.
eps>
(epstopdf)                    date: 2026-06-17 16:22:46
(epstopdf)                    size: 159807 bytes
(epstopdf)             Output file: <tmp-ly/cb77acb311af4ff503aa6e732cd9cf1b-2-
eps-converted-to.pdf>
(epstopdf)                    date: 2026-06-17 16:22:49
(epstopdf)                    size: 10403 bytes
(epstopdf)             Command: <repstopdf --outfile=tmp-ly/cb77acb311af4ff503a
a6e732cd9cf1b-2-eps-converted-to.pdf tmp-ly/cb77acb311af4ff503aa6e732cd9cf1b-2.
eps>
(epstopdf)             \includegraphics on input line 7.
Package epstopdf Info: Output file is already uptodate.
<tmp-ly/cb77acb311af4ff503aa6e732cd9cf1b-2-eps-converted-to.pdf, id=332, 390.45
876pt x 38.1425pt>
File: tmp-ly/cb77acb311af4ff503aa6e732cd9cf1b-2-eps-converted-to.pdf Graphic fi
le (type pdf)
<use tmp-ly/cb77acb311af4ff503aa6e732cd9cf1b-2-eps-converted-to.pdf>
Package luatex.def Info: tmp-ly/cb77acb311af4ff503aa6e732cd9cf1b-2-eps-converte
d-to.pdf  used on input line 7.
(luatex.def)             Requested size: 390.4578pt x 38.1424pt.
Package epstopdf Info: Source file: <tmp-ly/cb77acb311af4ff503aa6e732cd9cf1b-3.
eps>
(epstopdf)                    date: 2026-06-17 16:22:46
(epstopdf)                    size: 160390 bytes
(epstopdf)             Output file: <tmp-ly/cb77acb311af4ff503aa6e732cd9cf1b-3-
eps-converted-to.pdf>
(epstopdf)                    date: 2026-06-17 16:22:50
(epstopdf)                    size: 10648 bytes
(epstopdf)             Command: <repstopdf --outfile=tmp-ly/cb77acb311af4ff503a
a6e732cd9cf1b-3-eps-converted-to.pdf tmp-ly/cb77acb311af4ff503aa6e732cd9cf1b-3.
eps>
(epstopdf)             \includegraphics on input line 10.
Package epstopdf Info: Output file is already uptodate.
<tmp-ly/cb77acb311af4ff503aa6e732cd9cf1b-3-eps-converted-to.pdf, id=333, 390.45
876pt x 38.1425pt>
File: tmp-ly/cb77acb311af4ff503aa6e732cd9cf1b-3-eps-converted-to.pdf Graphic fi
le (type pdf)
<use tmp-ly/cb77acb311af4ff503aa6e732cd9cf1b-3-eps-converted-to.pdf>
Package luatex.def Info: tmp-ly/cb77acb311af4ff503aa6e732cd9cf1b-3-eps-converte
d-to.pdf  used on input line 10.
(luatex.def)             Requested size: 390.4578pt x 38.1424pt.
Package epstopdf Info: Source file: <tmp-ly/cb77acb311af4ff503aa6e732cd9cf1b-4.
eps>
(epstopdf)                    date: 2026-06-17 16:22:46
(epstopdf)                    size: 160897 bytes
(epstopdf)             Output file: <tmp-ly/cb77acb311af4ff503aa6e732cd9cf1b-4-
eps-converted-to.pdf>
(epstopdf)                    date: 2026-06-17 16:22:50
(epstopdf)                    size: 10924 bytes
(epstopdf)             Command: <repstopdf --outfile=tmp-ly/cb77acb311af4ff503a
a6e732cd9cf1b-4-eps-converted-to.pdf tmp-ly/cb77acb311af4ff503aa6e732cd9cf1b-4.
eps>
(epstopdf)             \includegraphics on input line 13.
Package epstopdf Info: Output file is already uptodate.
<tmp-ly/cb77acb311af4ff503aa6e732cd9cf1b-4-eps-converted-to.pdf, id=334, 390.45
876pt x 38.1425pt>
File: tmp-ly/cb77acb311af4ff503aa6e732cd9cf1b-4-eps-converted-to.pdf Graphic fi
le (type pdf)
<use tmp-ly/cb77acb311af4ff503aa6e732cd9cf1b-4-eps-converted-to.pdf>
Package luatex.def Info: tmp-ly/cb77acb311af4ff503aa6e732cd9cf1b-4-eps-converte
d-to.pdf  used on input line 13.
(luatex.def)             Requested size: 390.4578pt x 38.1424pt.
Package epstopdf Info: Source file: <tmp-ly/cb77acb311af4ff503aa6e732cd9cf1b-5.
eps>
(epstopdf)                    date: 2026-06-17 16:22:46
(epstopdf)                    size: 162365 bytes
(epstopdf)             Output file: <tmp-ly/cb77acb311af4ff503aa6e732cd9cf1b-5-
eps-converted-to.pdf>
(epstopdf)                    date: 2026-06-17 16:22:51
(epstopdf)                    size: 11302 bytes
(epstopdf)             Command: <repstopdf --outfile=tmp-ly/cb77acb311af4ff503a
a6e732cd9cf1b-5-eps-converted-to.pdf tmp-ly/cb77acb311af4ff503aa6e732cd9cf1b-5.
eps>
(epstopdf)             \includegraphics on input line 16.
Package epstopdf Info: Output file is already uptodate.
<tmp-ly/cb77acb311af4ff503aa6e732cd9cf1b-5-eps-converted-to.pdf, id=335, 390.45
876pt x 38.1425pt>
File: tmp-ly/cb77acb311af4ff503aa6e732cd9cf1b-5-eps-converted-to.pdf Graphic fi
le (type pdf)
<use tmp-ly/cb77acb311af4ff503aa6e732cd9cf1b-5-eps-converted-to.pdf>
Package luatex.def Info: tmp-ly/cb77acb311af4ff503aa6e732cd9cf1b-5-eps-converte
d-to.pdf  used on input line 16.
(luatex.def)             Requested size: 390.4578pt x 38.1424pt.

LaTeX Warning: `h' float specifier changed to `ht'.

[29] [30<./tmp-ly/cb77acb311af4ff503aa6e732cd9cf1b-1-eps-converted-to.pdf><./tmp
-ly/cb77acb311af4ff503aa6e732cd9cf1b-2-eps-converted-to.pdf><./tmp-ly/cb77acb311
af4ff503aa6e732cd9cf1b-3-eps-converted-to.pdf><./tmp-ly/cb77acb311af4ff503aa6e73
2cd9cf1b-4-eps-converted-to.pdf><./tmp-ly/cb77acb311af4ff503aa6e732cd9cf1b-5-eps
-converted-to.pdf>]) [31] [32



] (./main.aux (./TeX_files/chapter01.aux)
(./TeX_files/chapter02.aux) (./TeX_files/chapter03.aux)
(./TeX_files/chapter04.aux) (./TeX_files/chapter05.aux)
(./TeX_files/chapter06.aux))
 ***********
LaTeX2e <2023-11-01> patch level 1
L3 programming layer <2024-01-22>
 ***********


LaTeX Warning: There were multiply-defined labels.

)

Here is how much of LuaTeX's memory you used:
 16645 strings out of 476553
 100000,1977958 words of node,token memory allocated
 433 words of node memory still in use:
   3 hlist, 1 vlist, 1 rule, 2 glue, 3 kern, 1 glyph, 5 attribute, 52 glue_spec,
 5 attribute_list, 2 write nodes
   avail lists: 2:609,3:174,4:82,5:357,6:44,7:4965,8:25,9:417,10:11,11:225
 37864 multiletter control sequences out of 65536+600000
 73 fonts using 5926927 bytes
 84i,14n,89p,1600b,544s stack positions out of 10000i,1000n,20000p,200000b,200000s
</usr/share/texlive/texmf-dist/fonts/opentype/public/lilyglyphs/emmentaler-16.ot
f></usr/share/texmf/fonts/opentype/public/lm/lmroman12-italic.otf></usr/share/te
xmf/fonts/opentype/public/lm/lmromanslant12-regular.otf></usr/share/texmf/fonts/
opentype/public/lm/lmroman12-bold.otf></usr/share/texmf/fonts/opentype/public/lm
/lmroman12-regular.otf></usr/share/texmf/fonts/opentype/public/lm/lmroman17-regu
lar.otf></usr/share/texlive/texmf-dist/fonts/type1/public/amsfonts/cm/cmr17.pfb>
</usr/share/texlive/texmf-dist/fonts/type1/public/amsfonts/cm/cmr8.pfb>
Output written on main.pdf (38 pages, 12105976 bytes).

PDF statistics: 429 PDF objects out of 1000 (max. 8388607)
 290 compressed objects within 3 object streams
 0 named destinations out of 1000 (max. 131072)
 16 words of extra memory for PDF output out of 10000 (max. 100000000)

